<?xml version="1.0" encoding="UTF-8"?>
<testsuite xmlns:xsi="http://www.w3.org/2001/XMLSchema-instance" xsi:noNamespaceSchemaLocation="https://maven.apache.org/surefire/maven-surefire-plugin/xsd/surefire-test-report-3.0.xsd" version="3.0" name="cardgame.PlayerDeckIntegrationTest" time="0.133" tests="3" errors="0" skipped="0" failures="0">
  <properties>
    <property name="java.specification.version" value="25"/>
    <property name="sun.cpu.isalist" value="amd64"/>
    <property name="sun.jnu.encoding" value="Cp1252"/>
    <property name="java.class.path" value="C:\Users\Ben\Documents\Computer Science Degree\Year 2\ECM2414---Coursework-1\cardsTest\target\test-classes;C:\Users\Ben\Documents\Computer Science Degree\Year 2\ECM2414---Coursework-1\cardsTest\target\classes;C:\Users\Ben\.m2\repository\org\junit\jupiter\junit-jupiter\5.14.0\junit-jupiter-5.14.0.jar;C:\Users\Ben\.m2\repository\org\junit\jupiter\junit-jupiter-api\5.14.0\junit-jupiter-api-5.14.0.jar;C:\Users\Ben\.m2\repository\org\opentest4j\opentest4j\1.3.0\opentest4j-1.3.0.jar;C:\Users\Ben\.m2\repository\org\junit\platform\junit-platform-commons\1.14.0\junit-platform-commons-1.14.0.jar;C:\Users\Ben\.m2\repository\org\apiguardian\apiguardian-api\1.1.2\apiguardian-api-1.1.2.jar;C:\Users\Ben\.m2\repository\org\junit\jupiter\junit-jupiter-params\5.14.0\junit-jupiter-params-5.14.0.jar;C:\Users\Ben\.m2\repository\org\junit\jupiter\junit-jupiter-engine\5.14.0\junit-jupiter-engine-5.14.0.jar;C:\Users\Ben\.m2\repository\org\junit\platform\junit-platform-engine\1.14.0\junit-platform-engine-1.14.0.jar;"/>
    <property name="java.vm.vendor" value="Oracle Corporation"/>
    <property name="sun.arch.data.model" value="64"/>
    <property name="user.variant" value=""/>
    <property name="java.vendor.url" value="https://java.oracle.com/"/>
    <property name="user.timezone" value="Europe/London"/>
    <property name="os.name" value="Windows 11"/>
    <property name="java.vm.specification.version" value="25"/>
    <property name="sun.java.launcher" value="SUN_STANDARD"/>
    <property name="user.country" value="GB"/>
    <property name="sun.boot.library.path" value="C:\Program Files\Java\jdk-25\bin"/>
    <property name="sun.java.command" value="C:\Users\Ben\AppData\Local\Temp\surefire7771943653251788037\surefirebooter-20251029235440438_17.jar C:\Users\Ben\AppData\Local\Temp\surefire7771943653251788037 2025-10-29T23-54-40_097-jvmRun1 surefire-20251029235440438_15tmp surefire_4-20251029235440438_16tmp"/>
    <property name="jdk.debug" value="release"/>
    <property name="surefire.test.class.path" value="C:\Users\Ben\Documents\Computer Science Degree\Year 2\ECM2414---Coursework-1\cardsTest\target\test-classes;C:\Users\Ben\Documents\Computer Science Degree\Year 2\ECM2414---Coursework-1\cardsTest\target\classes;C:\Users\Ben\.m2\repository\org\junit\jupiter\junit-jupiter\5.14.0\junit-jupiter-5.14.0.jar;C:\Users\Ben\.m2\repository\org\junit\jupiter\junit-jupiter-api\5.14.0\junit-jupiter-api-5.14.0.jar;C:\Users\Ben\.m2\repository\org\opentest4j\opentest4j\1.3.0\opentest4j-1.3.0.jar;C:\Users\Ben\.m2\repository\org\junit\platform\junit-platform-commons\1.14.0\junit-platform-commons-1.14.0.jar;C:\Users\Ben\.m2\repository\org\apiguardian\apiguardian-api\1.1.2\apiguardian-api-1.1.2.jar;C:\Users\Ben\.m2\repository\org\junit\jupiter\junit-jupiter-params\5.14.0\junit-jupiter-params-5.14.0.jar;C:\Users\Ben\.m2\repository\org\junit\jupiter\junit-jupiter-engine\5.14.0\junit-jupiter-engine-5.14.0.jar;C:\Users\Ben\.m2\repository\org\junit\platform\junit-platform-engine\1.14.0\junit-platform-engine-1.14.0.jar;"/>
    <property name="sun.cpu.endian" value="little"/>
    <property name="user.home" value="C:\Users\Ben"/>
    <property name="user.language" value="en"/>
    <property name="java.specification.vendor" value="Oracle Corporation"/>
    <property name="java.version.date" value="2025-09-16"/>
    <property name="java.home" value="C:\Program Files\Java\jdk-25"/>
    <property name="file.separator" value="\"/>
    <property name="basedir" value="C:\Users\Ben\Documents\Computer Science Degree\Year 2\ECM2414---Coursework-1\cardsTest"/>
    <property name="java.vm.compressedOopsMode" value="Zero based"/>
    <property name="line.separator" value="&#10;"/>
    <property name="java.vm.specification.vendor" value="Oracle Corporation"/>
    <property name="java.specification.name" value="Java Platform API Specification"/>
    <property name="surefire.real.class.path" value="C:\Users\Ben\AppData\Local\Temp\surefire7771943653251788037\surefirebooter-20251029235440438_17.jar"/>
    <property name="user.script" value=""/>
    <property name="sun.management.compiler" value="HotSpot 64-Bit Tiered Compilers"/>
    <property name="java.runtime.version" value="25+37-LTS-3491"/>
    <property name="user.name" value="Ben"/>
    <property name="stdout.encoding" value="Cp1252"/>
    <property name="path.separator" value=";"/>
    <property name="os.version" value="10.0"/>
    <property name="java.runtime.name" value="Java(TM) SE Runtime Environment"/>
    <property name="file.encoding" value="UTF-8"/>
    <property name="java.vm.name" value="Java HotSpot(TM) 64-Bit Server VM"/>
    <property name="localRepository" value="C:\Users\Ben\.m2\repository"/>
    <property name="java.vendor.url.bug" value="https://bugreport.java.com/bugreport/"/>
    <property name="java.io.tmpdir" value="C:\Users\Ben\AppData\Local\Temp\"/>
    <property name="java.version" value="25"/>
    <property name="user.dir" value="C:\Users\Ben\Documents\Computer Science Degree\Year 2\ECM2414---Coursework-1\cardsTest"/>
    <property name="os.arch" value="amd64"/>
    <property name="java.vm.specification.name" value="Java Virtual Machine Specification"/>
    <property name="sun.os.patch.level" value=""/>
    <property name="native.encoding" value="Cp1252"/>
    <property name="java.library.path" value="C:\Program Files\Java\jdk-25\bin;C:\WINDOWS\Sun\Java\bin;C:\WINDOWS\system32;C:\WINDOWS;C:\Program Files (x86)\Razer Chroma SDK\bin;C:\Program Files\Razer Chroma SDK\bin;C:\Program Files (x86)\Razer\ChromaBroadcast\bin;C:\Program Files\Razer\ChromaBroadcast\bin;C:\Windows\system32;C:\Windows;C:\Windows\System32\Wbem;C:\Windows\System32\WindowsPowerShell\v1.0\;C:\Windows\System32\OpenSSH\;C:\Users\Ben\AppData\Local\Microsoft\WindowsApps;C:\Users\Ben\AppData\Local\Programs\Microsoft VS Code\bin;C:\Windows\system32\config\systemprofile\AppData\Local\Microsoft\WindowsApps;C:\Program Files\MATLAB\R2024b\bin;C:\Program Files\Git\cmd;C:\Program Files\Docker\Docker\resources\bin;C:\WINDOWS\system32;C:\WINDOWS;C:\WINDOWS\System32\Wbem;C:\WINDOWS\System32\WindowsPowerShell\v1.0\;C:\WINDOWS\System32\OpenSSH\;C:\Program Files\NVIDIA Corporation\NVIDIA App\NvDLISR;C:\Program Files (x86)\NVIDIA Corporation\PhysX\Common;C:\Program Files\Java\jdk-25\bin;C:\Program Files\apache-maven-3.9.11-bin\apache-maven-3.9.11\bin;C:\Users\Ben\AppData\Local\Microsoft\WindowsApps;C:\Users\Ben\AppData\Local\Programs\Microsoft VS Code\bin;;c:\Users\Ben\AppData\Roaming\Code\User\globalStorage\github.copilot-chat\debugCommand;c:\Users\Ben\.vscode\extensions\ms-python.debugpy-2025.10.0-win32-x64\bundled\scripts\noConfigScripts;."/>
    <property name="java.vm.info" value="mixed mode, sharing"/>
    <property name="stderr.encoding" value="Cp1252"/>
    <property name="java.vendor" value="Oracle Corporation"/>
    <property name="java.vm.version" value="25+37-LTS-3491"/>
    <property name="stdin.encoding" value="Cp1252"/>
    <property name="sun.io.unicode.encoding" value="UnicodeLittle"/>
    <property name="java.class.version" value="69.0"/>
  </properties>
  <testcase name="testWinnerRace" classname="cardgame.PlayerDeckIntegrationTest" time="0.091">
    <system-out><![CDATA[Please enter the number of players:Please enter location of pack to load:player 1 wins
Game finished.
]]></system-out>
  </testcase>
  <testcase name="testTwoPlayerGameFlow" classname="cardgame.PlayerDeckIntegrationTest" time="0.008">
    <system-out><![CDATA[Please enter the number of players:Please enter location of pack to load:Game finished.
]]></system-out>
  </testcase>
  <testcase name="testDrawAndDiscard" classname="cardgame.PlayerDeckIntegrationTest" time="0.011">
    <system-out><![CDATA[Please enter the number of players:Please enter location of pack to load:Game finished.
]]></system-out>
  </testcase>
</testsuite>